2026-06-03 22:22:22 [ERROR]: Error: CORS blocked: https://anvexs.vercel.app
    at origin (file:///D:/COding/Anvexs/Main%20Website/backend/src/server.js:35:16)
    at D:\COding\Anvexs\Main Website\backend\node_modules\cors\lib\index.js:219:13
    at optionsCallback (D:\COding\Anvexs\Main Website\backend\node_modules\cors\lib\index.js:199:9)
    at corsMiddleware (D:\COding\Anvexs\Main Website\backend\node_modules\cors\lib\index.js:204:7)
    at Layer.handle [as handle_request] (D:\COding\Anvexs\Main Website\backend\node_modules\express\lib\router\layer.js:95:5)
    at trim_prefix (D:\COding\Anvexs\Main Website\backend\node_modules\express\lib\router\index.js:328:13)
    at D:\COding\Anvexs\Main Website\backend\node_modules\express\lib\router\index.js:286:9
    at router.process_params (D:\COding\Anvexs\Main Website\backend\node_modules\express\lib\router\index.js:346:12)
    at next (D:\COding\Anvexs\Main Website\backend\node_modules\express\lib\router\index.js:280:10)
    at internalNext (file:///D:/COding/Anvexs/Main%20Website/backend/node_modules/helmet/index.mjs:533:6)
2026-06-03 22:23:46 [ERROR]: Error: CORS blocked: https://anvexs.vercel.app
    at origin (file:///D:/COding/Anvexs/Main%20Website/backend/src/server.js:35:16)
    at D:\COding\Anvexs\Main Website\backend\node_modules\cors\lib\index.js:219:13
    at optionsCallback (D:\COding\Anvexs\Main Website\backend\node_modules\cors\lib\index.js:199:9)
    at corsMiddleware (D:\COding\Anvexs\Main Website\backend\node_modules\cors\lib\index.js:204:7)
    at Layer.handle [as handle_request] (D:\COding\Anvexs\Main Website\backend\node_modules\express\lib\router\layer.js:95:5)
    at trim_prefix (D:\COding\Anvexs\Main Website\backend\node_modules\express\lib\router\index.js:328:13)
    at D:\COding\Anvexs\Main Website\backend\node_modules\express\lib\router\index.js:286:9
    at router.process_params (D:\COding\Anvexs\Main Website\backend\node_modules\express\lib\router\index.js:346:12)
    at next (D:\COding\Anvexs\Main Website\backend\node_modules\express\lib\router\index.js:280:10)
    at internalNext (file:///D:/COding/Anvexs/Main%20Website/backend/node_modules/helmet/index.mjs:533:6)
2026-06-04 00:05:35 [ERROR]: ❌ Email service verification failed:
2026-06-04 00:06:12 [ERROR]: ❌ Email service verification failed:
2026-06-04 00:06:38 [ERROR]: ❌ Email service verification failed:
2026-06-04 00:07:10 [ERROR]: ❌ Email service verification failed:
2026-06-04 00:09:55 [ERROR]: ❌ Email service verification failed:
2026-06-04 00:12:00 [ERROR]: ❌ Email service verification failed:
2026-06-04 00:12:12 [ERROR]: ❌ Failed to send enquiry confirmation to shubh.karkhile@gmail.com:
2026-06-04 00:17:16 [ERROR]: ❌ Email service verification failed:
2026-06-04 00:17:30 [ERROR]: ❌ Failed to send enquiry confirmation to shubhz6599@gmail.com:
2026-06-04 00:18:34 [ERROR]: ❌ Email service verification failed:
2026-06-04 00:18:52 [ERROR]: ❌ Email service verification failed:
2026-06-04 00:20:50 [ERROR]: ❌ Email service verification failed:
2026-06-04 06:41:31 [ERROR]: ❌ Email service verification failed:
2026-06-04 07:14:12 [ERROR]: ❌ Email service verification failed:
2026-06-04 07:16:04 [ERROR]: ❌ Email service verification failed:
2026-06-04 07:18:22 [ERROR]: ❌ Email service verification failed:
2026-06-04 07:20:38 [ERROR]: ❌ Email service verification failed:
2026-06-04 07:22:44 [ERROR]: ❌ Email service verification failed:
2026-06-04 07:27:54 [ERROR]: ❌ Email service verification failed:
2026-06-04 19:48:05 [ERROR]: ❌ Enquiry email failed: Invalid login: 535-5.7.8 Username and Password not accepted. For more information, go to
535 5.7.8  https://support.google.com/mail/?p=BadCredentials d9443c01a7336-2c16629cd24sm78582555ad.57 - gsmtp
2026-06-04 19:54:53 [ERROR]: ❌ Enquiry email failed: Invalid login: 535 5.7.8 Error: authentication failed: 
2026-06-04 19:56:46 [ERROR]: ❌ Enquiry email failed: Invalid login: 535 5.7.8 Error: authentication failed: 
2026-06-04 20:15:29 [ERROR]: ❌ Enquiry email failed: Invalid login: 535 5.7.8 Error: authentication failed: 
