2026-06-02 18:40:17 [ERROR]: TypeError: Missing parameter name at index 1: *; visit https://git.new/pathToRegexpError for info
    at consumeUntil (D:\COding\Anvexs\Main Website\backend\node_modules\path-to-regexp\dist\index.js:108:27)
    at parse (D:\COding\Anvexs\Main Website\backend\node_modules\path-to-regexp\dist\index.js:140:26)
    at process (D:\COding\Anvexs\Main Website\backend\node_modules\path-to-regexp\dist\index.js:263:56)
    at pathToRegexp (D:\COding\Anvexs\Main Website\backend\node_modules\path-to-regexp\dist\index.js:274:5)
    at Object.match (D:\COding\Anvexs\Main Website\backend\node_modules\path-to-regexp\dist\index.js:225:30)
    at matcher (D:\COding\Anvexs\Main Website\backend\node_modules\router\lib\layer.js:86:23)
    at new Layer (D:\COding\Anvexs\Main Website\backend\node_modules\router\lib\layer.js:93:62)
    at router.use (D:\COding\Anvexs\Main Website\backend\node_modules\router\index.js:398:19)
    at app.<anonymous> (D:\COding\Anvexs\Main Website\backend\node_modules\express\lib\application.js:222:21)
    at Array.forEach (<anonymous>)
2026-06-03 18:05:46 [ERROR]: TypeError: Missing parameter name at index 1: *; visit https://git.new/pathToRegexpError for info
    at consumeUntil (D:\COding\Anvexs\Main Website\backend\node_modules\path-to-regexp\dist\index.js:108:27)
    at parse (D:\COding\Anvexs\Main Website\backend\node_modules\path-to-regexp\dist\index.js:140:26)
    at process (D:\COding\Anvexs\Main Website\backend\node_modules\path-to-regexp\dist\index.js:263:56)
    at pathToRegexp (D:\COding\Anvexs\Main Website\backend\node_modules\path-to-regexp\dist\index.js:274:5)
    at Object.match (D:\COding\Anvexs\Main Website\backend\node_modules\path-to-regexp\dist\index.js:225:30)
    at matcher (D:\COding\Anvexs\Main Website\backend\node_modules\router\lib\layer.js:86:23)
    at new Layer (D:\COding\Anvexs\Main Website\backend\node_modules\router\lib\layer.js:93:62)
    at router.use (D:\COding\Anvexs\Main Website\backend\node_modules\router\index.js:398:19)
    at app.<anonymous> (D:\COding\Anvexs\Main Website\backend\node_modules\express\lib\application.js:222:21)
    at Array.forEach (<anonymous>)
2026-06-03 18:49:22 [ERROR]: TypeError: Missing parameter name at index 1: *; visit https://git.new/pathToRegexpError for info
    at consumeUntil (D:\COding\Anvexs\Main Website\backend\node_modules\path-to-regexp\dist\index.js:108:27)
    at parse (D:\COding\Anvexs\Main Website\backend\node_modules\path-to-regexp\dist\index.js:140:26)
    at process (D:\COding\Anvexs\Main Website\backend\node_modules\path-to-regexp\dist\index.js:263:56)
    at pathToRegexp (D:\COding\Anvexs\Main Website\backend\node_modules\path-to-regexp\dist\index.js:274:5)
    at Object.match (D:\COding\Anvexs\Main Website\backend\node_modules\path-to-regexp\dist\index.js:225:30)
    at matcher (D:\COding\Anvexs\Main Website\backend\node_modules\router\lib\layer.js:86:23)
    at new Layer (D:\COding\Anvexs\Main Website\backend\node_modules\router\lib\layer.js:93:62)
    at router.use (D:\COding\Anvexs\Main Website\backend\node_modules\router\index.js:398:19)
    at app.<anonymous> (D:\COding\Anvexs\Main Website\backend\node_modules\express\lib\application.js:222:21)
    at Array.forEach (<anonymous>)
2026-06-03 18:50:26 [ERROR]: TypeError: Missing parameter name at index 1: *; visit https://git.new/pathToRegexpError for info
    at consumeUntil (D:\COding\Anvexs\Main Website\backend\node_modules\path-to-regexp\dist\index.js:108:27)
    at parse (D:\COding\Anvexs\Main Website\backend\node_modules\path-to-regexp\dist\index.js:140:26)
    at process (D:\COding\Anvexs\Main Website\backend\node_modules\path-to-regexp\dist\index.js:263:56)
    at pathToRegexp (D:\COding\Anvexs\Main Website\backend\node_modules\path-to-regexp\dist\index.js:274:5)
    at Object.match (D:\COding\Anvexs\Main Website\backend\node_modules\path-to-regexp\dist\index.js:225:30)
    at matcher (D:\COding\Anvexs\Main Website\backend\node_modules\router\lib\layer.js:86:23)
    at new Layer (D:\COding\Anvexs\Main Website\backend\node_modules\router\lib\layer.js:93:62)
    at router.use (D:\COding\Anvexs\Main Website\backend\node_modules\router\index.js:398:19)
    at app.<anonymous> (D:\COding\Anvexs\Main Website\backend\node_modules\express\lib\application.js:222:21)
    at Array.forEach (<anonymous>)
2026-06-03 18:50:59 [ERROR]: TypeError: Missing parameter name at index 1: *; visit https://git.new/pathToRegexpError for info
    at consumeUntil (D:\COding\Anvexs\Main Website\backend\node_modules\path-to-regexp\dist\index.js:108:27)
    at parse (D:\COding\Anvexs\Main Website\backend\node_modules\path-to-regexp\dist\index.js:140:26)
    at process (D:\COding\Anvexs\Main Website\backend\node_modules\path-to-regexp\dist\index.js:263:56)
    at pathToRegexp (D:\COding\Anvexs\Main Website\backend\node_modules\path-to-regexp\dist\index.js:274:5)
    at Object.match (D:\COding\Anvexs\Main Website\backend\node_modules\path-to-regexp\dist\index.js:225:30)
    at matcher (D:\COding\Anvexs\Main Website\backend\node_modules\router\lib\layer.js:86:23)
    at new Layer (D:\COding\Anvexs\Main Website\backend\node_modules\router\lib\layer.js:93:62)
    at router.use (D:\COding\Anvexs\Main Website\backend\node_modules\router\index.js:398:19)
    at app.<anonymous> (D:\COding\Anvexs\Main Website\backend\node_modules\express\lib\application.js:222:21)
    at Array.forEach (<anonymous>)
2026-06-03 18:51:19 [ERROR]: TypeError: Missing parameter name at index 1: *; visit https://git.new/pathToRegexpError for info
    at consumeUntil (D:\COding\Anvexs\Main Website\backend\node_modules\path-to-regexp\dist\index.js:108:27)
    at parse (D:\COding\Anvexs\Main Website\backend\node_modules\path-to-regexp\dist\index.js:140:26)
    at process (D:\COding\Anvexs\Main Website\backend\node_modules\path-to-regexp\dist\index.js:263:56)
    at pathToRegexp (D:\COding\Anvexs\Main Website\backend\node_modules\path-to-regexp\dist\index.js:274:5)
    at Object.match (D:\COding\Anvexs\Main Website\backend\node_modules\path-to-regexp\dist\index.js:225:30)
    at matcher (D:\COding\Anvexs\Main Website\backend\node_modules\router\lib\layer.js:86:23)
    at new Layer (D:\COding\Anvexs\Main Website\backend\node_modules\router\lib\layer.js:93:62)
    at router.use (D:\COding\Anvexs\Main Website\backend\node_modules\router\index.js:398:19)
    at app.<anonymous> (D:\COding\Anvexs\Main Website\backend\node_modules\express\lib\application.js:222:21)
    at Array.forEach (<anonymous>)
2026-06-03 18:51:28 [ERROR]: TypeError: Missing parameter name at index 1: *; visit https://git.new/pathToRegexpError for info
    at consumeUntil (D:\COding\Anvexs\Main Website\backend\node_modules\path-to-regexp\dist\index.js:108:27)
    at parse (D:\COding\Anvexs\Main Website\backend\node_modules\path-to-regexp\dist\index.js:140:26)
    at process (D:\COding\Anvexs\Main Website\backend\node_modules\path-to-regexp\dist\index.js:263:56)
    at pathToRegexp (D:\COding\Anvexs\Main Website\backend\node_modules\path-to-regexp\dist\index.js:274:5)
    at Object.match (D:\COding\Anvexs\Main Website\backend\node_modules\path-to-regexp\dist\index.js:225:30)
    at matcher (D:\COding\Anvexs\Main Website\backend\node_modules\router\lib\layer.js:86:23)
    at new Layer (D:\COding\Anvexs\Main Website\backend\node_modules\router\lib\layer.js:93:62)
    at router.use (D:\COding\Anvexs\Main Website\backend\node_modules\router\index.js:398:19)
    at app.<anonymous> (D:\COding\Anvexs\Main Website\backend\node_modules\express\lib\application.js:222:21)
    at Array.forEach (<anonymous>)
2026-06-03 20:15:38 [ERROR]: TypeError: Missing parameter name at index 1: *; visit https://git.new/pathToRegexpError for info
    at consumeUntil (D:\COding\Anvexs\Main Website\backend\node_modules\path-to-regexp\dist\index.js:108:27)
    at parse (D:\COding\Anvexs\Main Website\backend\node_modules\path-to-regexp\dist\index.js:140:26)
    at process (D:\COding\Anvexs\Main Website\backend\node_modules\path-to-regexp\dist\index.js:263:56)
    at pathToRegexp (D:\COding\Anvexs\Main Website\backend\node_modules\path-to-regexp\dist\index.js:274:5)
    at Object.match (D:\COding\Anvexs\Main Website\backend\node_modules\path-to-regexp\dist\index.js:225:30)
    at matcher (D:\COding\Anvexs\Main Website\backend\node_modules\router\lib\layer.js:86:23)
    at new Layer (D:\COding\Anvexs\Main Website\backend\node_modules\router\lib\layer.js:93:62)
    at router.use (D:\COding\Anvexs\Main Website\backend\node_modules\router\index.js:398:19)
    at app.<anonymous> (D:\COding\Anvexs\Main Website\backend\node_modules\express\lib\application.js:222:21)
    at Array.forEach (<anonymous>)
2026-06-03 20:16:40 [ERROR]: TypeError: Missing parameter name at index 1: *; visit https://git.new/pathToRegexpError for info
    at consumeUntil (D:\COding\Anvexs\Main Website\backend\node_modules\path-to-regexp\dist\index.js:108:27)
    at parse (D:\COding\Anvexs\Main Website\backend\node_modules\path-to-regexp\dist\index.js:140:26)
    at process (D:\COding\Anvexs\Main Website\backend\node_modules\path-to-regexp\dist\index.js:263:56)
    at pathToRegexp (D:\COding\Anvexs\Main Website\backend\node_modules\path-to-regexp\dist\index.js:274:5)
    at Object.match (D:\COding\Anvexs\Main Website\backend\node_modules\path-to-regexp\dist\index.js:225:30)
    at matcher (D:\COding\Anvexs\Main Website\backend\node_modules\router\lib\layer.js:86:23)
    at new Layer (D:\COding\Anvexs\Main Website\backend\node_modules\router\lib\layer.js:93:62)
    at router.route (D:\COding\Anvexs\Main Website\backend\node_modules\router\index.js:428:17)
    at app.route (D:\COding\Anvexs\Main Website\backend\node_modules\express\lib\application.js:257:22)
    at app.all (D:\COding\Anvexs\Main Website\backend\node_modules\express\lib\application.js:495:20)
2026-06-03 20:17:32 [ERROR]: TypeError: Missing parameter name at index 1: *; visit https://git.new/pathToRegexpError for info
    at consumeUntil (D:\COding\Anvexs\Main Website\backend\node_modules\path-to-regexp\dist\index.js:108:27)
    at parse (D:\COding\Anvexs\Main Website\backend\node_modules\path-to-regexp\dist\index.js:140:26)
    at process (D:\COding\Anvexs\Main Website\backend\node_modules\path-to-regexp\dist\index.js:263:56)
    at pathToRegexp (D:\COding\Anvexs\Main Website\backend\node_modules\path-to-regexp\dist\index.js:274:5)
    at Object.match (D:\COding\Anvexs\Main Website\backend\node_modules\path-to-regexp\dist\index.js:225:30)
    at matcher (D:\COding\Anvexs\Main Website\backend\node_modules\router\lib\layer.js:86:23)
    at new Layer (D:\COding\Anvexs\Main Website\backend\node_modules\router\lib\layer.js:93:62)
    at router.route (D:\COding\Anvexs\Main Website\backend\node_modules\router\index.js:428:17)
    at app.route (D:\COding\Anvexs\Main Website\backend\node_modules\express\lib\application.js:257:22)
    at app.all (D:\COding\Anvexs\Main Website\backend\node_modules\express\lib\application.js:495:20)
2026-06-03 20:17:49 [ERROR]: TypeError: Missing parameter name at index 1: *; visit https://git.new/pathToRegexpError for info
    at consumeUntil (D:\COding\Anvexs\Main Website\backend\node_modules\path-to-regexp\dist\index.js:108:27)
    at parse (D:\COding\Anvexs\Main Website\backend\node_modules\path-to-regexp\dist\index.js:140:26)
    at process (D:\COding\Anvexs\Main Website\backend\node_modules\path-to-regexp\dist\index.js:263:56)
    at pathToRegexp (D:\COding\Anvexs\Main Website\backend\node_modules\path-to-regexp\dist\index.js:274:5)
    at Object.match (D:\COding\Anvexs\Main Website\backend\node_modules\path-to-regexp\dist\index.js:225:30)
    at matcher (D:\COding\Anvexs\Main Website\backend\node_modules\router\lib\layer.js:86:23)
    at new Layer (D:\COding\Anvexs\Main Website\backend\node_modules\router\lib\layer.js:93:62)
    at router.route (D:\COding\Anvexs\Main Website\backend\node_modules\router\index.js:428:17)
    at app.route (D:\COding\Anvexs\Main Website\backend\node_modules\express\lib\application.js:257:22)
    at app.all (D:\COding\Anvexs\Main Website\backend\node_modules\express\lib\application.js:495:20)
2026-06-03 20:18:34 [ERROR]: TypeError: Missing parameter name at index 1: *; visit https://git.new/pathToRegexpError for info
    at consumeUntil (D:\COding\Anvexs\Main Website\backend\node_modules\path-to-regexp\dist\index.js:108:27)
    at parse (D:\COding\Anvexs\Main Website\backend\node_modules\path-to-regexp\dist\index.js:140:26)
    at process (D:\COding\Anvexs\Main Website\backend\node_modules\path-to-regexp\dist\index.js:263:56)
    at pathToRegexp (D:\COding\Anvexs\Main Website\backend\node_modules\path-to-regexp\dist\index.js:274:5)
    at Object.match (D:\COding\Anvexs\Main Website\backend\node_modules\path-to-regexp\dist\index.js:225:30)
    at matcher (D:\COding\Anvexs\Main Website\backend\node_modules\router\lib\layer.js:86:23)
    at new Layer (D:\COding\Anvexs\Main Website\backend\node_modules\router\lib\layer.js:93:62)
    at router.route (D:\COding\Anvexs\Main Website\backend\node_modules\router\index.js:428:17)
    at app.route (D:\COding\Anvexs\Main Website\backend\node_modules\express\lib\application.js:257:22)
    at app.all (D:\COding\Anvexs\Main Website\backend\node_modules\express\lib\application.js:495:20)
2026-06-03 20:18:34 [ERROR]: TypeError: Missing parameter name at index 1: *; visit https://git.new/pathToRegexpError for info
    at consumeUntil (D:\COding\Anvexs\Main Website\backend\node_modules\path-to-regexp\dist\index.js:108:27)
    at parse (D:\COding\Anvexs\Main Website\backend\node_modules\path-to-regexp\dist\index.js:140:26)
    at process (D:\COding\Anvexs\Main Website\backend\node_modules\path-to-regexp\dist\index.js:263:56)
    at pathToRegexp (D:\COding\Anvexs\Main Website\backend\node_modules\path-to-regexp\dist\index.js:274:5)
    at Object.match (D:\COding\Anvexs\Main Website\backend\node_modules\path-to-regexp\dist\index.js:225:30)
    at matcher (D:\COding\Anvexs\Main Website\backend\node_modules\router\lib\layer.js:86:23)
    at new Layer (D:\COding\Anvexs\Main Website\backend\node_modules\router\lib\layer.js:93:62)
    at router.route (D:\COding\Anvexs\Main Website\backend\node_modules\router\index.js:428:17)
    at app.route (D:\COding\Anvexs\Main Website\backend\node_modules\express\lib\application.js:257:22)
    at app.all (D:\COding\Anvexs\Main Website\backend\node_modules\express\lib\application.js:495:20)
2026-06-03 20:18:44 [ERROR]: TypeError: Missing parameter name at index 1: *; visit https://git.new/pathToRegexpError for info
    at consumeUntil (D:\COding\Anvexs\Main Website\backend\node_modules\path-to-regexp\dist\index.js:108:27)
    at parse (D:\COding\Anvexs\Main Website\backend\node_modules\path-to-regexp\dist\index.js:140:26)
    at process (D:\COding\Anvexs\Main Website\backend\node_modules\path-to-regexp\dist\index.js:263:56)
    at pathToRegexp (D:\COding\Anvexs\Main Website\backend\node_modules\path-to-regexp\dist\index.js:274:5)
    at Object.match (D:\COding\Anvexs\Main Website\backend\node_modules\path-to-regexp\dist\index.js:225:30)
    at matcher (D:\COding\Anvexs\Main Website\backend\node_modules\router\lib\layer.js:86:23)
    at new Layer (D:\COding\Anvexs\Main Website\backend\node_modules\router\lib\layer.js:93:62)
    at router.route (D:\COding\Anvexs\Main Website\backend\node_modules\router\index.js:428:17)
    at app.route (D:\COding\Anvexs\Main Website\backend\node_modules\express\lib\application.js:257:22)
    at app.all (D:\COding\Anvexs\Main Website\backend\node_modules\express\lib\application.js:495:20)
2026-06-03 20:18:44 [ERROR]: TypeError: Missing parameter name at index 1: *; visit https://git.new/pathToRegexpError for info
    at consumeUntil (D:\COding\Anvexs\Main Website\backend\node_modules\path-to-regexp\dist\index.js:108:27)
    at parse (D:\COding\Anvexs\Main Website\backend\node_modules\path-to-regexp\dist\index.js:140:26)
    at process (D:\COding\Anvexs\Main Website\backend\node_modules\path-to-regexp\dist\index.js:263:56)
    at pathToRegexp (D:\COding\Anvexs\Main Website\backend\node_modules\path-to-regexp\dist\index.js:274:5)
    at Object.match (D:\COding\Anvexs\Main Website\backend\node_modules\path-to-regexp\dist\index.js:225:30)
    at matcher (D:\COding\Anvexs\Main Website\backend\node_modules\router\lib\layer.js:86:23)
    at new Layer (D:\COding\Anvexs\Main Website\backend\node_modules\router\lib\layer.js:93:62)
    at router.route (D:\COding\Anvexs\Main Website\backend\node_modules\router\index.js:428:17)
    at app.route (D:\COding\Anvexs\Main Website\backend\node_modules\express\lib\application.js:257:22)
    at app.all (D:\COding\Anvexs\Main Website\backend\node_modules\express\lib\application.js:495:20)
2026-06-03 20:19:44 [ERROR]: TypeError: Missing parameter name at index 1: *; visit https://git.new/pathToRegexpError for info
    at consumeUntil (D:\COding\Anvexs\Main Website\backend\node_modules\path-to-regexp\dist\index.js:108:27)
    at parse (D:\COding\Anvexs\Main Website\backend\node_modules\path-to-regexp\dist\index.js:140:26)
    at process (D:\COding\Anvexs\Main Website\backend\node_modules\path-to-regexp\dist\index.js:263:56)
    at pathToRegexp (D:\COding\Anvexs\Main Website\backend\node_modules\path-to-regexp\dist\index.js:274:5)
    at Object.match (D:\COding\Anvexs\Main Website\backend\node_modules\path-to-regexp\dist\index.js:225:30)
    at matcher (D:\COding\Anvexs\Main Website\backend\node_modules\router\lib\layer.js:86:23)
    at new Layer (D:\COding\Anvexs\Main Website\backend\node_modules\router\lib\layer.js:93:62)
    at router.route (D:\COding\Anvexs\Main Website\backend\node_modules\router\index.js:428:17)
    at app.route (D:\COding\Anvexs\Main Website\backend\node_modules\express\lib\application.js:257:22)
    at app.all (D:\COding\Anvexs\Main Website\backend\node_modules\express\lib\application.js:495:20)
2026-06-03 20:19:59 [ERROR]: TypeError: Missing parameter name at index 1: *; visit https://git.new/pathToRegexpError for info
    at consumeUntil (D:\COding\Anvexs\Main Website\backend\node_modules\path-to-regexp\dist\index.js:108:27)
    at parse (D:\COding\Anvexs\Main Website\backend\node_modules\path-to-regexp\dist\index.js:140:26)
    at process (D:\COding\Anvexs\Main Website\backend\node_modules\path-to-regexp\dist\index.js:263:56)
    at pathToRegexp (D:\COding\Anvexs\Main Website\backend\node_modules\path-to-regexp\dist\index.js:274:5)
    at Object.match (D:\COding\Anvexs\Main Website\backend\node_modules\path-to-regexp\dist\index.js:225:30)
    at matcher (D:\COding\Anvexs\Main Website\backend\node_modules\router\lib\layer.js:86:23)
    at new Layer (D:\COding\Anvexs\Main Website\backend\node_modules\router\lib\layer.js:93:62)
    at router.route (D:\COding\Anvexs\Main Website\backend\node_modules\router\index.js:428:17)
    at app.route (D:\COding\Anvexs\Main Website\backend\node_modules\express\lib\application.js:257:22)
    at app.all (D:\COding\Anvexs\Main Website\backend\node_modules\express\lib\application.js:495:20)
2026-06-03 20:20:03 [ERROR]: TypeError: Missing parameter name at index 1: *; visit https://git.new/pathToRegexpError for info
    at consumeUntil (D:\COding\Anvexs\Main Website\backend\node_modules\path-to-regexp\dist\index.js:108:27)
    at parse (D:\COding\Anvexs\Main Website\backend\node_modules\path-to-regexp\dist\index.js:140:26)
    at process (D:\COding\Anvexs\Main Website\backend\node_modules\path-to-regexp\dist\index.js:263:56)
    at pathToRegexp (D:\COding\Anvexs\Main Website\backend\node_modules\path-to-regexp\dist\index.js:274:5)
    at Object.match (D:\COding\Anvexs\Main Website\backend\node_modules\path-to-regexp\dist\index.js:225:30)
    at matcher (D:\COding\Anvexs\Main Website\backend\node_modules\router\lib\layer.js:86:23)
    at new Layer (D:\COding\Anvexs\Main Website\backend\node_modules\router\lib\layer.js:93:62)
    at router.route (D:\COding\Anvexs\Main Website\backend\node_modules\router\index.js:428:17)
    at app.route (D:\COding\Anvexs\Main Website\backend\node_modules\express\lib\application.js:257:22)
    at app.all (D:\COding\Anvexs\Main Website\backend\node_modules\express\lib\application.js:495:20)
2026-06-03 20:20:26 [ERROR]: TypeError: Missing parameter name at index 1: *; visit https://git.new/pathToRegexpError for info
    at consumeUntil (D:\COding\Anvexs\Main Website\backend\node_modules\path-to-regexp\dist\index.js:108:27)
    at parse (D:\COding\Anvexs\Main Website\backend\node_modules\path-to-regexp\dist\index.js:140:26)
    at process (D:\COding\Anvexs\Main Website\backend\node_modules\path-to-regexp\dist\index.js:263:56)
    at pathToRegexp (D:\COding\Anvexs\Main Website\backend\node_modules\path-to-regexp\dist\index.js:274:5)
    at Object.match (D:\COding\Anvexs\Main Website\backend\node_modules\path-to-regexp\dist\index.js:225:30)
    at matcher (D:\COding\Anvexs\Main Website\backend\node_modules\router\lib\layer.js:86:23)
    at new Layer (D:\COding\Anvexs\Main Website\backend\node_modules\router\lib\layer.js:93:62)
    at router.route (D:\COding\Anvexs\Main Website\backend\node_modules\router\index.js:428:17)
    at app.route (D:\COding\Anvexs\Main Website\backend\node_modules\express\lib\application.js:257:22)
    at app.all (D:\COding\Anvexs\Main Website\backend\node_modules\express\lib\application.js:495:20)
2026-06-03 20:20:34 [ERROR]: TypeError: Missing parameter name at index 1: *; visit https://git.new/pathToRegexpError for info
    at consumeUntil (D:\COding\Anvexs\Main Website\backend\node_modules\path-to-regexp\dist\index.js:108:27)
    at parse (D:\COding\Anvexs\Main Website\backend\node_modules\path-to-regexp\dist\index.js:140:26)
    at process (D:\COding\Anvexs\Main Website\backend\node_modules\path-to-regexp\dist\index.js:263:56)
    at pathToRegexp (D:\COding\Anvexs\Main Website\backend\node_modules\path-to-regexp\dist\index.js:274:5)
    at Object.match (D:\COding\Anvexs\Main Website\backend\node_modules\path-to-regexp\dist\index.js:225:30)
    at matcher (D:\COding\Anvexs\Main Website\backend\node_modules\router\lib\layer.js:86:23)
    at new Layer (D:\COding\Anvexs\Main Website\backend\node_modules\router\lib\layer.js:93:62)
    at router.route (D:\COding\Anvexs\Main Website\backend\node_modules\router\index.js:428:17)
    at app.route (D:\COding\Anvexs\Main Website\backend\node_modules\express\lib\application.js:257:22)
    at app.all (D:\COding\Anvexs\Main Website\backend\node_modules\express\lib\application.js:495:20)
2026-06-03 20:20:49 [ERROR]: TypeError: Missing parameter name at index 1: *; visit https://git.new/pathToRegexpError for info
    at consumeUntil (D:\COding\Anvexs\Main Website\backend\node_modules\path-to-regexp\dist\index.js:108:27)
    at parse (D:\COding\Anvexs\Main Website\backend\node_modules\path-to-regexp\dist\index.js:140:26)
    at process (D:\COding\Anvexs\Main Website\backend\node_modules\path-to-regexp\dist\index.js:263:56)
    at pathToRegexp (D:\COding\Anvexs\Main Website\backend\node_modules\path-to-regexp\dist\index.js:274:5)
    at Object.match (D:\COding\Anvexs\Main Website\backend\node_modules\path-to-regexp\dist\index.js:225:30)
    at matcher (D:\COding\Anvexs\Main Website\backend\node_modules\router\lib\layer.js:86:23)
    at new Layer (D:\COding\Anvexs\Main Website\backend\node_modules\router\lib\layer.js:93:62)
    at router.route (D:\COding\Anvexs\Main Website\backend\node_modules\router\index.js:428:17)
    at app.route (D:\COding\Anvexs\Main Website\backend\node_modules\express\lib\application.js:257:22)
    at app.all (D:\COding\Anvexs\Main Website\backend\node_modules\express\lib\application.js:495:20)
2026-06-03 20:21:48 [ERROR]: TypeError: Missing parameter name at index 1: *; visit https://git.new/pathToRegexpError for info
    at consumeUntil (D:\COding\Anvexs\Main Website\backend\node_modules\path-to-regexp\dist\index.js:108:27)
    at parse (D:\COding\Anvexs\Main Website\backend\node_modules\path-to-regexp\dist\index.js:140:26)
    at process (D:\COding\Anvexs\Main Website\backend\node_modules\path-to-regexp\dist\index.js:263:56)
    at pathToRegexp (D:\COding\Anvexs\Main Website\backend\node_modules\path-to-regexp\dist\index.js:274:5)
    at Object.match (D:\COding\Anvexs\Main Website\backend\node_modules\path-to-regexp\dist\index.js:225:30)
    at matcher (D:\COding\Anvexs\Main Website\backend\node_modules\router\lib\layer.js:86:23)
    at new Layer (D:\COding\Anvexs\Main Website\backend\node_modules\router\lib\layer.js:93:62)
    at router.route (D:\COding\Anvexs\Main Website\backend\node_modules\router\index.js:428:17)
    at app.route (D:\COding\Anvexs\Main Website\backend\node_modules\express\lib\application.js:257:22)
    at app.all (D:\COding\Anvexs\Main Website\backend\node_modules\express\lib\application.js:495:20)
2026-06-03 20:22:16 [ERROR]: TypeError: Missing parameter name at index 1: *; visit https://git.new/pathToRegexpError for info
    at consumeUntil (D:\COding\Anvexs\Main Website\backend\node_modules\path-to-regexp\dist\index.js:108:27)
    at parse (D:\COding\Anvexs\Main Website\backend\node_modules\path-to-regexp\dist\index.js:140:26)
    at process (D:\COding\Anvexs\Main Website\backend\node_modules\path-to-regexp\dist\index.js:263:56)
    at pathToRegexp (D:\COding\Anvexs\Main Website\backend\node_modules\path-to-regexp\dist\index.js:274:5)
    at Object.match (D:\COding\Anvexs\Main Website\backend\node_modules\path-to-regexp\dist\index.js:225:30)
    at matcher (D:\COding\Anvexs\Main Website\backend\node_modules\router\lib\layer.js:86:23)
    at new Layer (D:\COding\Anvexs\Main Website\backend\node_modules\router\lib\layer.js:93:62)
    at router.route (D:\COding\Anvexs\Main Website\backend\node_modules\router\index.js:428:17)
    at app.route (D:\COding\Anvexs\Main Website\backend\node_modules\express\lib\application.js:257:22)
    at app.all (D:\COding\Anvexs\Main Website\backend\node_modules\express\lib\application.js:495:20)
2026-06-03 20:22:34 [ERROR]: TypeError: Missing parameter name at index 1: *; visit https://git.new/pathToRegexpError for info
    at consumeUntil (D:\COding\Anvexs\Main Website\backend\node_modules\path-to-regexp\dist\index.js:108:27)
    at parse (D:\COding\Anvexs\Main Website\backend\node_modules\path-to-regexp\dist\index.js:140:26)
    at process (D:\COding\Anvexs\Main Website\backend\node_modules\path-to-regexp\dist\index.js:263:56)
    at pathToRegexp (D:\COding\Anvexs\Main Website\backend\node_modules\path-to-regexp\dist\index.js:274:5)
    at Object.match (D:\COding\Anvexs\Main Website\backend\node_modules\path-to-regexp\dist\index.js:225:30)
    at matcher (D:\COding\Anvexs\Main Website\backend\node_modules\router\lib\layer.js:86:23)
    at new Layer (D:\COding\Anvexs\Main Website\backend\node_modules\router\lib\layer.js:93:62)
    at router.route (D:\COding\Anvexs\Main Website\backend\node_modules\router\index.js:428:17)
    at app.route (D:\COding\Anvexs\Main Website\backend\node_modules\express\lib\application.js:257:22)
    at app.all (D:\COding\Anvexs\Main Website\backend\node_modules\express\lib\application.js:495:20)
2026-06-03 20:22:43 [ERROR]: TypeError: Missing parameter name at index 1: *; visit https://git.new/pathToRegexpError for info
    at consumeUntil (D:\COding\Anvexs\Main Website\backend\node_modules\path-to-regexp\dist\index.js:108:27)
    at parse (D:\COding\Anvexs\Main Website\backend\node_modules\path-to-regexp\dist\index.js:140:26)
    at process (D:\COding\Anvexs\Main Website\backend\node_modules\path-to-regexp\dist\index.js:263:56)
    at pathToRegexp (D:\COding\Anvexs\Main Website\backend\node_modules\path-to-regexp\dist\index.js:274:5)
    at Object.match (D:\COding\Anvexs\Main Website\backend\node_modules\path-to-regexp\dist\index.js:225:30)
    at matcher (D:\COding\Anvexs\Main Website\backend\node_modules\router\lib\layer.js:86:23)
    at new Layer (D:\COding\Anvexs\Main Website\backend\node_modules\router\lib\layer.js:93:62)
    at router.route (D:\COding\Anvexs\Main Website\backend\node_modules\router\index.js:428:17)
    at app.route (D:\COding\Anvexs\Main Website\backend\node_modules\express\lib\application.js:257:22)
    at app.all (D:\COding\Anvexs\Main Website\backend\node_modules\express\lib\application.js:495:20)
2026-06-03 20:23:44 [ERROR]: TypeError: Missing parameter name at index 1: *; visit https://git.new/pathToRegexpError for info
    at consumeUntil (D:\COding\Anvexs\Main Website\backend\node_modules\path-to-regexp\dist\index.js:108:27)
    at parse (D:\COding\Anvexs\Main Website\backend\node_modules\path-to-regexp\dist\index.js:140:26)
    at process (D:\COding\Anvexs\Main Website\backend\node_modules\path-to-regexp\dist\index.js:263:56)
    at pathToRegexp (D:\COding\Anvexs\Main Website\backend\node_modules\path-to-regexp\dist\index.js:274:5)
    at Object.match (D:\COding\Anvexs\Main Website\backend\node_modules\path-to-regexp\dist\index.js:225:30)
    at matcher (D:\COding\Anvexs\Main Website\backend\node_modules\router\lib\layer.js:86:23)
    at new Layer (D:\COding\Anvexs\Main Website\backend\node_modules\router\lib\layer.js:93:62)
    at router.route (D:\COding\Anvexs\Main Website\backend\node_modules\router\index.js:428:17)
    at app.route (D:\COding\Anvexs\Main Website\backend\node_modules\express\lib\application.js:257:22)
    at app.all (D:\COding\Anvexs\Main Website\backend\node_modules\express\lib\application.js:495:20)
2026-06-03 20:25:34 [ERROR]: TypeError: Missing parameter name at index 1: *; visit https://git.new/pathToRegexpError for info
    at consumeUntil (D:\COding\Anvexs\Main Website\backend\node_modules\path-to-regexp\dist\index.js:108:27)
    at parse (D:\COding\Anvexs\Main Website\backend\node_modules\path-to-regexp\dist\index.js:140:26)
    at process (D:\COding\Anvexs\Main Website\backend\node_modules\path-to-regexp\dist\index.js:263:56)
    at pathToRegexp (D:\COding\Anvexs\Main Website\backend\node_modules\path-to-regexp\dist\index.js:274:5)
    at Object.match (D:\COding\Anvexs\Main Website\backend\node_modules\path-to-regexp\dist\index.js:225:30)
    at matcher (D:\COding\Anvexs\Main Website\backend\node_modules\router\lib\layer.js:86:23)
    at new Layer (D:\COding\Anvexs\Main Website\backend\node_modules\router\lib\layer.js:93:62)
    at router.route (D:\COding\Anvexs\Main Website\backend\node_modules\router\index.js:428:17)
    at app.route (D:\COding\Anvexs\Main Website\backend\node_modules\express\lib\application.js:257:22)
    at app.all (D:\COding\Anvexs\Main Website\backend\node_modules\express\lib\application.js:495:20)
2026-06-03 20:25:54 [ERROR]: TypeError: Missing parameter name at index 1: *; visit https://git.new/pathToRegexpError for info
    at consumeUntil (D:\COding\Anvexs\Main Website\backend\node_modules\path-to-regexp\dist\index.js:108:27)
    at parse (D:\COding\Anvexs\Main Website\backend\node_modules\path-to-regexp\dist\index.js:140:26)
    at process (D:\COding\Anvexs\Main Website\backend\node_modules\path-to-regexp\dist\index.js:263:56)
    at pathToRegexp (D:\COding\Anvexs\Main Website\backend\node_modules\path-to-regexp\dist\index.js:274:5)
    at Object.match (D:\COding\Anvexs\Main Website\backend\node_modules\path-to-regexp\dist\index.js:225:30)
    at matcher (D:\COding\Anvexs\Main Website\backend\node_modules\router\lib\layer.js:86:23)
    at new Layer (D:\COding\Anvexs\Main Website\backend\node_modules\router\lib\layer.js:93:62)
    at router.route (D:\COding\Anvexs\Main Website\backend\node_modules\router\index.js:428:17)
    at app.route (D:\COding\Anvexs\Main Website\backend\node_modules\express\lib\application.js:257:22)
    at app.all (D:\COding\Anvexs\Main Website\backend\node_modules\express\lib\application.js:495:20)
2026-06-03 20:32:26 [ERROR]: TypeError: Missing parameter name at index 1: *; visit https://git.new/pathToRegexpError for info
    at consumeUntil (D:\COding\Anvexs\Main Website\backend\node_modules\path-to-regexp\dist\index.js:108:27)
    at parse (D:\COding\Anvexs\Main Website\backend\node_modules\path-to-regexp\dist\index.js:140:26)
    at process (D:\COding\Anvexs\Main Website\backend\node_modules\path-to-regexp\dist\index.js:263:56)
    at pathToRegexp (D:\COding\Anvexs\Main Website\backend\node_modules\path-to-regexp\dist\index.js:274:5)
    at Object.match (D:\COding\Anvexs\Main Website\backend\node_modules\path-to-regexp\dist\index.js:225:30)
    at matcher (D:\COding\Anvexs\Main Website\backend\node_modules\router\lib\layer.js:86:23)
    at new Layer (D:\COding\Anvexs\Main Website\backend\node_modules\router\lib\layer.js:93:62)
    at router.route (D:\COding\Anvexs\Main Website\backend\node_modules\router\index.js:428:17)
    at app.route (D:\COding\Anvexs\Main Website\backend\node_modules\express\lib\application.js:257:22)
    at app.all (D:\COding\Anvexs\Main Website\backend\node_modules\express\lib\application.js:495:20)
